

============================== 2022-06-01 06:42:43.985837 | bd3cd89d-01c7-4aaa-a607-49c67962ece3 ==============================
06:42:43.985837 [info ] [MainThread]: Running with dbt=1.1.0
06:42:43.986837 [debug] [MainThread]: running dbt with arguments {'write_json': True, 'use_colors': True, 'printer_width': 80, 'version_check': True, 'partial_parse': True, 'static_parser': True, 'profiles_dir': 'C:\\Users\\smriti8\\.dbt', 'send_anonymous_usage_stats': True, 'event_buffer_size': 100000, 'quiet': False, 'no_print': False, 'skip_profile_setup': False, 'which': 'init', 'indirect_selection': 'eager'}
06:42:43.986837 [debug] [MainThread]: Tracking: tracking
06:42:43.987836 [debug] [MainThread]: Sending event: {'category': 'dbt', 'action': 'invocation', 'label': 'start', 'context': [<snowplow_tracker.self_describing_json.SelfDescribingJson object at 0x00000156986C63C8>, <snowplow_tracker.self_describing_json.SelfDescribingJson object at 0x00000156986C6848>, <snowplow_tracker.self_describing_json.SelfDescribingJson object at 0x00000156986C6E88>]}
06:43:06.521251 [debug] [MainThread]: Starter project path: c:\users\smriti8\desktop\hu\week 5\learn dbt\learn-dbt\dbt-env\lib\site-packages\dbt\include\starter_project
06:44:56.666447 [info ] [MainThread]: Profile main_assignment_snowflake written to C:\Users\smriti8\.dbt\profiles.yml using target's profile_template.yml and your supplied values. Run 'dbt debug' to validate the connection.
06:44:56.667448 [info ] [MainThread]: 
Your new dbt project "main_assignment_snowflake" was created!

For more information on how to configure the profiles.yml file,
please consult the dbt documentation here:

  https://docs.getdbt.com/docs/configure-your-profile

One more thing:

Need help? Don't hesitate to reach out to us via GitHub issues or on Slack:

  https://community.getdbt.com/

Happy modeling!

06:44:56.698455 [debug] [MainThread]: Sending event: {'category': 'dbt', 'action': 'invocation', 'label': 'end', 'context': [<snowplow_tracker.self_describing_json.SelfDescribingJson object at 0x0000015698700188>, <snowplow_tracker.self_describing_json.SelfDescribingJson object at 0x0000015698700608>, <snowplow_tracker.self_describing_json.SelfDescribingJson object at 0x00000156987002C8>]}


============================== 2022-06-01 06:50:21.460440 | cea1bdb9-73e2-4fae-8786-362ba6e1c336 ==============================
06:50:21.460440 [info ] [MainThread]: Running with dbt=1.1.0
06:50:21.461440 [debug] [MainThread]: running dbt with arguments {'write_json': True, 'use_colors': True, 'printer_width': 80, 'version_check': True, 'partial_parse': True, 'static_parser': True, 'profiles_dir': 'C:\\Users\\smriti8\\.dbt', 'send_anonymous_usage_stats': True, 'event_buffer_size': 100000, 'quiet': False, 'no_print': False, 'config_dir': False, 'which': 'debug', 'indirect_selection': 'eager'}
06:50:21.461440 [debug] [MainThread]: Tracking: tracking
06:50:21.462442 [debug] [MainThread]: Sending event: {'category': 'dbt', 'action': 'invocation', 'label': 'start', 'context': [<snowplow_tracker.self_describing_json.SelfDescribingJson object at 0x000002EA6B7D2688>, <snowplow_tracker.self_describing_json.SelfDescribingJson object at 0x000002EA67DF9C88>, <snowplow_tracker.self_describing_json.SelfDescribingJson object at 0x000002EA6B7B7788>]}
06:50:21.993831 [debug] [MainThread]: Executing "git --help"
06:50:22.129861 [debug] [MainThread]: STDOUT: "b"usage: git [--version] [--help] [-C <path>] [-c <name>=<value>]\n           [--exec-path[=<path>]] [--html-path] [--man-path] [--info-path]\n           [-p | --paginate | -P | --no-pager] [--no-replace-objects] [--bare]\n           [--git-dir=<path>] [--work-tree=<path>] [--namespace=<name>]\n           [--super-prefix=<path>] [--config-env=<name>=<envvar>]\n           <command> [<args>]\n\nThese are common Git commands used in various situations:\n\nstart a working area (see also: git help tutorial)\n   clone     Clone a repository into a new directory\n   init      Create an empty Git repository or reinitialize an existing one\n\nwork on the current change (see also: git help everyday)\n   add       Add file contents to the index\n   mv        Move or rename a file, a directory, or a symlink\n   restore   Restore working tree files\n   rm        Remove files from the working tree and from the index\n\nexamine the history and state (see also: git help revisions)\n   bisect    Use binary search to find the commit that introduced a bug\n   diff      Show changes between commits, commit and working tree, etc\n   grep      Print lines matching a pattern\n   log       Show commit logs\n   show      Show various types of objects\n   status    Show the working tree status\n\ngrow, mark and tweak your common history\n   branch    List, create, or delete branches\n   commit    Record changes to the repository\n   merge     Join two or more development histories together\n   rebase    Reapply commits on top of another base tip\n   reset     Reset current HEAD to the specified state\n   switch    Switch branches\n   tag       Create, list, delete or verify a tag object signed with GPG\n\ncollaborate (see also: git help workflows)\n   fetch     Download objects and refs from another repository\n   pull      Fetch from and integrate with another repository or a local branch\n   push      Update remote refs along with associated objects\n\n'git help -a' and 'git help -g' list available subcommands and some\nconcept guides. See 'git help <command>' or 'git help <concept>'\nto read about a specific subcommand or concept.\nSee 'git help git' for an overview of the system.\n""
06:50:22.129861 [debug] [MainThread]: STDERR: "b''"
06:50:22.132861 [debug] [MainThread]: Sending event: {'category': 'dbt', 'action': 'invocation', 'label': 'end', 'context': [<snowplow_tracker.self_describing_json.SelfDescribingJson object at 0x000002EA6B7D0A48>, <snowplow_tracker.self_describing_json.SelfDescribingJson object at 0x000002EA6B7D0948>, <snowplow_tracker.self_describing_json.SelfDescribingJson object at 0x000002EA6CA67548>]}


============================== 2022-06-01 06:52:03.293365 | e303cca6-5e4b-4d6a-9b0b-13d8eb878ec9 ==============================
06:52:03.293365 [info ] [MainThread]: Running with dbt=1.1.0
06:52:03.294365 [debug] [MainThread]: running dbt with arguments {'write_json': True, 'use_colors': True, 'printer_width': 80, 'version_check': True, 'partial_parse': True, 'static_parser': True, 'profiles_dir': 'C:\\Users\\smriti8\\.dbt', 'send_anonymous_usage_stats': True, 'event_buffer_size': 100000, 'quiet': False, 'no_print': False, 'config_dir': False, 'which': 'debug', 'indirect_selection': 'eager'}
06:52:03.294365 [debug] [MainThread]: Tracking: tracking
06:52:03.295365 [debug] [MainThread]: Sending event: {'category': 'dbt', 'action': 'invocation', 'label': 'start', 'context': [<snowplow_tracker.self_describing_json.SelfDescribingJson object at 0x000001C027992648>, <snowplow_tracker.self_describing_json.SelfDescribingJson object at 0x000001C027992A48>, <snowplow_tracker.self_describing_json.SelfDescribingJson object at 0x000001C027977808>]}
06:52:03.906504 [debug] [MainThread]: Executing "git --help"
06:52:04.044535 [debug] [MainThread]: STDOUT: "b"usage: git [--version] [--help] [-C <path>] [-c <name>=<value>]\n           [--exec-path[=<path>]] [--html-path] [--man-path] [--info-path]\n           [-p | --paginate | -P | --no-pager] [--no-replace-objects] [--bare]\n           [--git-dir=<path>] [--work-tree=<path>] [--namespace=<name>]\n           [--super-prefix=<path>] [--config-env=<name>=<envvar>]\n           <command> [<args>]\n\nThese are common Git commands used in various situations:\n\nstart a working area (see also: git help tutorial)\n   clone     Clone a repository into a new directory\n   init      Create an empty Git repository or reinitialize an existing one\n\nwork on the current change (see also: git help everyday)\n   add       Add file contents to the index\n   mv        Move or rename a file, a directory, or a symlink\n   restore   Restore working tree files\n   rm        Remove files from the working tree and from the index\n\nexamine the history and state (see also: git help revisions)\n   bisect    Use binary search to find the commit that introduced a bug\n   diff      Show changes between commits, commit and working tree, etc\n   grep      Print lines matching a pattern\n   log       Show commit logs\n   show      Show various types of objects\n   status    Show the working tree status\n\ngrow, mark and tweak your common history\n   branch    List, create, or delete branches\n   commit    Record changes to the repository\n   merge     Join two or more development histories together\n   rebase    Reapply commits on top of another base tip\n   reset     Reset current HEAD to the specified state\n   switch    Switch branches\n   tag       Create, list, delete or verify a tag object signed with GPG\n\ncollaborate (see also: git help workflows)\n   fetch     Download objects and refs from another repository\n   pull      Fetch from and integrate with another repository or a local branch\n   push      Update remote refs along with associated objects\n\n'git help -a' and 'git help -g' list available subcommands and some\nconcept guides. See 'git help <command>' or 'git help <concept>'\nto read about a specific subcommand or concept.\nSee 'git help git' for an overview of the system.\n""
06:52:04.044535 [debug] [MainThread]: STDERR: "b''"
06:52:04.051537 [debug] [MainThread]: Sending event: {'category': 'dbt', 'action': 'invocation', 'label': 'end', 'context': [<snowplow_tracker.self_describing_json.SelfDescribingJson object at 0x000001C02798B6C8>, <snowplow_tracker.self_describing_json.SelfDescribingJson object at 0x000001C028A3D2C8>, <snowplow_tracker.self_describing_json.SelfDescribingJson object at 0x000001C027988988>]}


============================== 2022-06-01 06:52:49.484991 | 40934b0a-9b6e-4d7e-9734-93fc545786b5 ==============================
06:52:49.484991 [info ] [MainThread]: Running with dbt=1.1.0
06:52:49.485991 [debug] [MainThread]: running dbt with arguments {'write_json': True, 'use_colors': True, 'printer_width': 80, 'version_check': True, 'partial_parse': True, 'static_parser': True, 'profiles_dir': 'C:\\Users\\smriti8\\.dbt', 'send_anonymous_usage_stats': True, 'event_buffer_size': 100000, 'quiet': False, 'no_print': False, 'config_dir': False, 'which': 'debug', 'indirect_selection': 'eager'}
06:52:49.485991 [debug] [MainThread]: Tracking: tracking
06:52:49.486991 [debug] [MainThread]: Sending event: {'category': 'dbt', 'action': 'invocation', 'label': 'start', 'context': [<snowplow_tracker.self_describing_json.SelfDescribingJson object at 0x0000028373F0BFC8>, <snowplow_tracker.self_describing_json.SelfDescribingJson object at 0x0000028373F05FC8>, <snowplow_tracker.self_describing_json.SelfDescribingJson object at 0x0000028373F05B08>]}
06:52:50.060121 [debug] [MainThread]: Executing "git --help"
06:52:50.194151 [debug] [MainThread]: STDOUT: "b"usage: git [--version] [--help] [-C <path>] [-c <name>=<value>]\n           [--exec-path[=<path>]] [--html-path] [--man-path] [--info-path]\n           [-p | --paginate | -P | --no-pager] [--no-replace-objects] [--bare]\n           [--git-dir=<path>] [--work-tree=<path>] [--namespace=<name>]\n           [--super-prefix=<path>] [--config-env=<name>=<envvar>]\n           <command> [<args>]\n\nThese are common Git commands used in various situations:\n\nstart a working area (see also: git help tutorial)\n   clone     Clone a repository into a new directory\n   init      Create an empty Git repository or reinitialize an existing one\n\nwork on the current change (see also: git help everyday)\n   add       Add file contents to the index\n   mv        Move or rename a file, a directory, or a symlink\n   restore   Restore working tree files\n   rm        Remove files from the working tree and from the index\n\nexamine the history and state (see also: git help revisions)\n   bisect    Use binary search to find the commit that introduced a bug\n   diff      Show changes between commits, commit and working tree, etc\n   grep      Print lines matching a pattern\n   log       Show commit logs\n   show      Show various types of objects\n   status    Show the working tree status\n\ngrow, mark and tweak your common history\n   branch    List, create, or delete branches\n   commit    Record changes to the repository\n   merge     Join two or more development histories together\n   rebase    Reapply commits on top of another base tip\n   reset     Reset current HEAD to the specified state\n   switch    Switch branches\n   tag       Create, list, delete or verify a tag object signed with GPG\n\ncollaborate (see also: git help workflows)\n   fetch     Download objects and refs from another repository\n   pull      Fetch from and integrate with another repository or a local branch\n   push      Update remote refs along with associated objects\n\n'git help -a' and 'git help -g' list available subcommands and some\nconcept guides. See 'git help <command>' or 'git help <concept>'\nto read about a specific subcommand or concept.\nSee 'git help git' for an overview of the system.\n""
06:52:50.194151 [debug] [MainThread]: STDERR: "b''"
06:52:50.205154 [debug] [MainThread]: Acquiring new snowflake connection "debug"
06:52:50.206154 [debug] [MainThread]: Using snowflake connection "debug"
06:52:50.206154 [debug] [MainThread]: On debug: select 1 as id
06:52:50.206154 [debug] [MainThread]: Opening a new connection, currently in state init
06:52:52.383647 [debug] [MainThread]: SQL status: SUCCESS 1 in 2.18 seconds
06:52:52.384648 [debug] [MainThread]: On debug: Close
06:52:53.005789 [debug] [MainThread]: Sending event: {'category': 'dbt', 'action': 'invocation', 'label': 'end', 'context': [<snowplow_tracker.self_describing_json.SelfDescribingJson object at 0x0000028374F8C248>, <snowplow_tracker.self_describing_json.SelfDescribingJson object at 0x0000028374F8DF48>, <snowplow_tracker.self_describing_json.SelfDescribingJson object at 0x0000028373F1BD88>]}
06:52:53.987012 [debug] [MainThread]: Connection 'debug' was properly closed.
